2024-02-06T03:35:56.890+01:00 INFO  31116 --- [main] x.m.backend.BackendApplicationTests : Starting BackendApplicationTests using Java 21.0.1 with PID 31116 (started by Wartuu in D:\mythrium\backend)
2024-02-06T03:35:56.891+01:00 INFO  31116 --- [main] x.m.backend.BackendApplicationTests : No active profile set, falling back to 1 default profile: "default"
2024-02-06T03:35:57.474+01:00 INFO  31116 --- [main] o.s.d.r.c.RepositoryConfigurationDelegate : Bootstrapping Spring Data JPA repositories in DEFAULT mode.
2024-02-06T03:35:57.521+01:00 INFO  31116 --- [main] o.s.d.r.c.RepositoryConfigurationDelegate : Finished Spring Data repository scanning in 40 ms. Found 3 JPA repository interfaces.
2024-02-06T03:35:57.884+01:00 INFO  31116 --- [main] com.zaxxer.hikari.HikariDataSource : HikariPool-1 - Starting...
2024-02-06T03:35:58.192+01:00 INFO  31116 --- [main] com.zaxxer.hikari.pool.HikariPool : HikariPool-1 - Added connection org.postgresql.jdbc.PgConnection@62f9c790
2024-02-06T03:35:58.193+01:00 INFO  31116 --- [main] com.zaxxer.hikari.HikariDataSource : HikariPool-1 - Start completed.
2024-02-06T03:35:58.302+01:00 INFO  31116 --- [main] o.h.jpa.internal.util.LogHelper : HHH000204: Processing PersistenceUnitInfo [name: default]
2024-02-06T03:35:58.364+01:00 INFO  31116 --- [main] org.hibernate.Version : HHH000412: Hibernate ORM core version 6.4.1.Final
2024-02-06T03:35:58.395+01:00 INFO  31116 --- [main] o.h.c.i.RegionFactoryInitiator : HHH000026: Second-level cache disabled
2024-02-06T03:35:58.604+01:00 INFO  31116 --- [main] o.s.o.j.p.SpringPersistenceUnitInfo : No LoadTimeWeaver setup: ignoring JPA class transformer
2024-02-06T03:35:58.661+01:00 WARN  31116 --- [main] org.hibernate.orm.deprecation : HHH90000025: PostgreSQLDialect does not need to be specified explicitly using 'hibernate.dialect' (remove the property setting and it will be selected by default)
2024-02-06T03:35:59.438+01:00 INFO  31116 --- [main] o.h.e.t.j.p.i.JtaPlatformInitiator : HHH000489: No JTA platform available (set 'hibernate.transaction.jta.platform' to enable JTA platform integration)
2024-02-06T03:35:59.440+01:00 INFO  31116 --- [main] o.s.o.j.LocalContainerEntityManagerFactoryBean : Initialized JPA EntityManagerFactory for persistence unit 'default'
2024-02-06T03:35:59.667+01:00 INFO  31116 --- [main] o.s.d.j.r.query.QueryEnhancerFactory : Hibernate is in classpath; If applicable, HQL parser will be used.
2024-02-06T03:36:00.369+01:00 WARN  31116 --- [main] o.s.b.a.o.j.JpaBaseConfiguration$JpaWebConfiguration : spring.jpa.open-in-view is enabled by default. Therefore, database queries may be performed during view rendering. Explicitly configure spring.jpa.open-in-view to disable this warning
2024-02-06T03:36:00.455+01:00 INFO  31116 --- [main] o.s.b.a.w.s.WelcomePageHandlerMapping : Adding welcome page: class path resource [static/index.html]
2024-02-06T03:36:00.662+01:00 INFO  31116 --- [main] o.s.s.web.DefaultSecurityFilterChain : Will secure Or [Mvc [pattern='/dashboard**'], Mvc [pattern='/settings**'], Mvc [pattern='/manage**']] with [org.springframework.security.web.session.DisableEncodeUrlFilter@5cdb7b, org.springframework.security.web.context.request.async.WebAsyncManagerIntegrationFilter@3dcc59f5, org.springframework.security.web.context.SecurityContextHolderFilter@173039b5, org.springframework.security.web.header.HeaderWriterFilter@46763680, org.springframework.security.web.authentication.logout.LogoutFilter@4c02f50, org.springframework.security.web.authentication.UsernamePasswordAuthenticationFilter@35852b6, org.springframework.security.web.authentication.www.BasicAuthenticationFilter@625ae6d, org.springframework.security.web.savedrequest.RequestCacheAwareFilter@37635407, org.springframework.security.web.servletapi.SecurityContextHolderAwareRequestFilter@33822750, org.springframework.security.web.authentication.AnonymousAuthenticationFilter@16b1dee7, org.springframework.security.web.access.ExceptionTranslationFilter@75fb04ee, org.springframework.security.web.access.intercept.AuthorizationFilter@7c2b858d]
2024-02-06T03:36:01.167+01:00 INFO  31116 --- [main] x.m.backend.BackendApplicationTests : Started BackendApplicationTests in 4.609 seconds (process running for 5.443)
2024-02-06T03:36:01.606+01:00 INFO  31116 --- [SpringApplicationShutdownHook] o.s.o.j.LocalContainerEntityManagerFactoryBean : Closing JPA EntityManagerFactory for persistence unit 'default'
2024-02-06T03:36:01.607+01:00 INFO  31116 --- [SpringApplicationShutdownHook] com.zaxxer.hikari.HikariDataSource : HikariPool-1 - Shutdown initiated...
2024-02-06T03:36:01.610+01:00 INFO  31116 --- [SpringApplicationShutdownHook] com.zaxxer.hikari.HikariDataSource : HikariPool-1 - Shutdown completed.
2024-02-06T03:43:35.131+01:00 INFO  11584 --- [main] x.m.backend.BackendApplicationTests : Starting BackendApplicationTests using Java 21.0.1 with PID 11584 (started by Wartuu in D:\mythrium\backend)
2024-02-06T03:43:35.132+01:00 INFO  11584 --- [main] x.m.backend.BackendApplicationTests : No active profile set, falling back to 1 default profile: "default"
2024-02-06T03:43:35.731+01:00 INFO  11584 --- [main] o.s.d.r.c.RepositoryConfigurationDelegate : Bootstrapping Spring Data JPA repositories in DEFAULT mode.
2024-02-06T03:43:35.789+01:00 INFO  11584 --- [main] o.s.d.r.c.RepositoryConfigurationDelegate : Finished Spring Data repository scanning in 51 ms. Found 3 JPA repository interfaces.
2024-02-06T03:43:36.188+01:00 INFO  11584 --- [main] com.zaxxer.hikari.HikariDataSource : HikariPool-1 - Starting...
2024-02-06T03:43:36.393+01:00 INFO  11584 --- [main] com.zaxxer.hikari.pool.HikariPool : HikariPool-1 - Added connection org.postgresql.jdbc.PgConnection@19662208
2024-02-06T03:43:36.395+01:00 INFO  11584 --- [main] com.zaxxer.hikari.HikariDataSource : HikariPool-1 - Start completed.
2024-02-06T03:43:36.496+01:00 INFO  11584 --- [main] o.h.jpa.internal.util.LogHelper : HHH000204: Processing PersistenceUnitInfo [name: default]
2024-02-06T03:43:36.552+01:00 INFO  11584 --- [main] org.hibernate.Version : HHH000412: Hibernate ORM core version 6.4.1.Final
2024-02-06T03:43:36.583+01:00 INFO  11584 --- [main] o.h.c.i.RegionFactoryInitiator : HHH000026: Second-level cache disabled
2024-02-06T03:43:36.807+01:00 INFO  11584 --- [main] o.s.o.j.p.SpringPersistenceUnitInfo : No LoadTimeWeaver setup: ignoring JPA class transformer
2024-02-06T03:43:36.868+01:00 WARN  11584 --- [main] org.hibernate.orm.deprecation : HHH90000025: PostgreSQLDialect does not need to be specified explicitly using 'hibernate.dialect' (remove the property setting and it will be selected by default)
2024-02-06T03:43:37.606+01:00 INFO  11584 --- [main] o.h.e.t.j.p.i.JtaPlatformInitiator : HHH000489: No JTA platform available (set 'hibernate.transaction.jta.platform' to enable JTA platform integration)
2024-02-06T03:43:37.608+01:00 INFO  11584 --- [main] o.s.o.j.LocalContainerEntityManagerFactoryBean : Initialized JPA EntityManagerFactory for persistence unit 'default'
2024-02-06T03:43:37.857+01:00 INFO  11584 --- [main] o.s.d.j.r.query.QueryEnhancerFactory : Hibernate is in classpath; If applicable, HQL parser will be used.
2024-02-06T03:43:38.599+01:00 WARN  11584 --- [main] o.s.b.a.o.j.JpaBaseConfiguration$JpaWebConfiguration : spring.jpa.open-in-view is enabled by default. Therefore, database queries may be performed during view rendering. Explicitly configure spring.jpa.open-in-view to disable this warning
2024-02-06T03:43:38.676+01:00 INFO  11584 --- [main] o.s.b.a.w.s.WelcomePageHandlerMapping : Adding welcome page: class path resource [static/index.html]
2024-02-06T03:43:38.874+01:00 INFO  11584 --- [main] o.s.s.web.DefaultSecurityFilterChain : Will secure Or [Mvc [pattern='/dashboard**'], Mvc [pattern='/settings**'], Mvc [pattern='/manage**']] with [org.springframework.security.web.session.DisableEncodeUrlFilter@1ad4ff2a, org.springframework.security.web.context.request.async.WebAsyncManagerIntegrationFilter@625ae6d, org.springframework.security.web.context.SecurityContextHolderFilter@46763680, org.springframework.security.web.header.HeaderWriterFilter@75fb04ee, org.springframework.security.web.authentication.logout.LogoutFilter@7f8f120c, org.springframework.security.web.authentication.UsernamePasswordAuthenticationFilter@2110b756, org.springframework.security.web.authentication.www.BasicAuthenticationFilter@57be28d1, org.springframework.security.web.savedrequest.RequestCacheAwareFilter@62048ab, org.springframework.security.web.servletapi.SecurityContextHolderAwareRequestFilter@173039b5, org.springframework.security.web.authentication.AnonymousAuthenticationFilter@207bf6d8, org.springframework.security.web.access.ExceptionTranslationFilter@626967a0, org.springframework.security.web.access.intercept.AuthorizationFilter@35d128fd]
2024-02-06T03:43:39.356+01:00 INFO  11584 --- [main] x.m.backend.BackendApplicationTests : Started BackendApplicationTests in 4.513 seconds (process running for 5.349)
2024-02-06T03:43:39.782+01:00 INFO  11584 --- [SpringApplicationShutdownHook] o.s.o.j.LocalContainerEntityManagerFactoryBean : Closing JPA EntityManagerFactory for persistence unit 'default'
2024-02-06T03:43:39.784+01:00 INFO  11584 --- [SpringApplicationShutdownHook] com.zaxxer.hikari.HikariDataSource : HikariPool-1 - Shutdown initiated...
2024-02-06T03:43:39.788+01:00 INFO  11584 --- [SpringApplicationShutdownHook] com.zaxxer.hikari.HikariDataSource : HikariPool-1 - Shutdown completed.
